0 info it worked if it ends with ok
1 verbose cli [ '/usr/bin/node', '/usr/bin/npm', 'install' ]
2 info using npm@3.10.3
3 info using node@v6.7.0
4 silly loadCurrentTree Starting
5 silly install loadCurrentTree
6 silly install readLocalPackageData
7 silly install normalizeTree
8 silly loadCurrentTree Finishing
9 silly loadIdealTree Starting
10 silly install loadIdealTree
11 silly cloneCurrentTree Starting
12 silly install cloneCurrentTreeToIdealTree
13 silly cloneCurrentTree Finishing
14 silly loadShrinkwrap Starting
15 silly install loadShrinkwrap
16 silly loadShrinkwrap Finishing
17 silly loadAllDepsIntoIdealTree Starting
18 silly install loadAllDepsIntoIdealTree
19 silly fetchNamedPackageData fsevents
20 silly mapToRegistry name fsevents
21 silly mapToRegistry using default registry
22 silly mapToRegistry registry https://registry.npmjs.org/
23 silly mapToRegistry data Result {
23 silly mapToRegistry   raw: 'fsevents',
23 silly mapToRegistry   scope: null,
23 silly mapToRegistry   escapedName: 'fsevents',
23 silly mapToRegistry   name: 'fsevents',
23 silly mapToRegistry   rawSpec: '',
23 silly mapToRegistry   spec: 'latest',
23 silly mapToRegistry   type: 'tag' }
24 silly mapToRegistry uri https://registry.npmjs.org/fsevents
25 verbose request uri https://registry.npmjs.org/fsevents
26 verbose request no auth needed
27 info attempt registry request try #1 at 16:34:08
28 verbose request id 97e07b1541eec95f
29 verbose etag W/"597215e7-dd9a"
30 verbose lastModified Fri, 21 Jul 2017 14:55:35 GMT
31 http request GET https://registry.npmjs.org/fsevents
32 http 304 https://registry.npmjs.org/fsevents
33 verbose headers { date: 'Mon, 24 Jul 2017 14:34:14 GMT',
33 verbose headers   via: '1.1 varnish',
33 verbose headers   'cache-control': 'max-age=300',
33 verbose headers   etag: 'W/"597215e7-dd9a"',
33 verbose headers   age: '128',
33 verbose headers   connection: 'keep-alive',
33 verbose headers   'x-served-by': 'cache-cdg8722-CDG',
33 verbose headers   'x-cache': 'HIT',
33 verbose headers   'x-cache-hits': '9',
33 verbose headers   'x-timer': 'S1500906854.126553,VS0,VE0',
33 verbose headers   vary: 'Accept-Encoding, Accept' }
34 silly get cb [ 304,
34 silly get   { date: 'Mon, 24 Jul 2017 14:34:14 GMT',
34 silly get     via: '1.1 varnish',
34 silly get     'cache-control': 'max-age=300',
34 silly get     etag: 'W/"597215e7-dd9a"',
34 silly get     age: '128',
34 silly get     connection: 'keep-alive',
34 silly get     'x-served-by': 'cache-cdg8722-CDG',
34 silly get     'x-cache': 'HIT',
34 silly get     'x-cache-hits': '9',
34 silly get     'x-timer': 'S1500906854.126553,VS0,VE0',
34 silly get     vary: 'Accept-Encoding, Accept' } ]
35 verbose etag https://registry.npmjs.org/fsevents from cache
36 verbose get saving fsevents to /home/dev/.npm/registry.npmjs.org/fsevents/.cache.json
37 verbose correctMkdir /home/dev/.npm correctMkdir not in flight; initializing
38 silly resolveWithNewModule fsevents@1.1.2 checking installable status
39 silly loadAllDepsIntoIdealTree Finishing
40 silly loadIdealTree Finishing
41 silly currentTree angular2-demo@1.0.0
41 silly currentTree ├── @angular/animations@4.1.3
41 silly currentTree ├── @angular/common@4.2.6
41 silly currentTree ├── @angular/compiler@4.2.6
41 silly currentTree ├── @angular/core@4.2.6
41 silly currentTree ├── @angular/forms@4.2.6
41 silly currentTree ├── @angular/http@4.2.6
41 silly currentTree ├── @angular/platform-browser-dynamic@4.2.6
41 silly currentTree ├── @angular/platform-browser@4.2.6
41 silly currentTree ├── @angular/router@4.2.6
41 silly currentTree ├── acorn-dynamic-import@2.0.2
41 silly currentTree ├── acorn@4.0.13
41 silly currentTree ├── ajv-keywords@1.5.1
41 silly currentTree ├── ajv@4.11.8
41 silly currentTree ├── align-text@0.1.4
41 silly currentTree ├── alphanum-sort@1.0.2
41 silly currentTree ├── ansi-regex@2.1.1
41 silly currentTree ├── ansi-styles@2.2.1
41 silly currentTree ├── anymatch@1.3.0
41 silly currentTree ├── argparse@1.0.9
41 silly currentTree ├── arr-diff@2.0.0
41 silly currentTree ├── arr-flatten@1.1.0
41 silly currentTree ├── array-unique@0.2.1
41 silly currentTree ├── arrify@1.0.1
41 silly currentTree ├── asap@2.0.6
41 silly currentTree ├── asn1.js@4.9.1
41 silly currentTree ├── asn1@0.2.3
41 silly currentTree ├── assert-plus@0.2.0
41 silly currentTree ├── assert@1.4.1
41 silly currentTree ├── ast-types@0.9.6
41 silly currentTree ├── async-each@1.0.1
41 silly currentTree ├── async@2.5.0
41 silly currentTree ├── asynckit@0.4.0
41 silly currentTree ├── autoprefixer@6.7.7
41 silly currentTree ├── aws-sign2@0.6.0
41 silly currentTree ├── aws4@1.6.0
41 silly currentTree ├── babel-code-frame@6.22.0
41 silly currentTree ├── babel-core@6.25.0
41 silly currentTree ├── babel-generator@6.25.0
41 silly currentTree ├── babel-helper-call-delegate@6.24.1
41 silly currentTree ├── babel-helper-define-map@6.24.1
41 silly currentTree ├── babel-helper-function-name@6.24.1
41 silly currentTree ├── babel-helper-get-function-arity@6.24.1
41 silly currentTree ├── babel-helper-hoist-variables@6.24.1
41 silly currentTree ├── babel-helper-optimise-call-expression@6.24.1
41 silly currentTree ├── babel-helper-regex@6.24.1
41 silly currentTree ├── babel-helper-replace-supers@6.24.1
41 silly currentTree ├── babel-helpers@6.24.1
41 silly currentTree ├── babel-loader@6.4.1
41 silly currentTree ├── babel-messages@6.23.0
41 silly currentTree ├── babel-plugin-check-es2015-constants@6.22.0
41 silly currentTree ├── babel-plugin-transform-es2015-arrow-functions@6.22.0
41 silly currentTree ├── babel-plugin-transform-es2015-block-scoped-functions@6.22.0
41 silly currentTree ├── babel-plugin-transform-es2015-block-scoping@6.24.1
41 silly currentTree ├── babel-plugin-transform-es2015-classes@6.24.1
41 silly currentTree ├── babel-plugin-transform-es2015-computed-properties@6.24.1
41 silly currentTree ├── babel-plugin-transform-es2015-destructuring@6.23.0
41 silly currentTree ├── babel-plugin-transform-es2015-duplicate-keys@6.24.1
41 silly currentTree ├── babel-plugin-transform-es2015-for-of@6.23.0
41 silly currentTree ├── babel-plugin-transform-es2015-function-name@6.24.1
41 silly currentTree ├── babel-plugin-transform-es2015-literals@6.22.0
41 silly currentTree ├── babel-plugin-transform-es2015-modules-amd@6.24.1
41 silly currentTree ├── babel-plugin-transform-es2015-modules-commonjs@6.24.1
41 silly currentTree ├── babel-plugin-transform-es2015-modules-systemjs@6.24.1
41 silly currentTree ├── babel-plugin-transform-es2015-modules-umd@6.24.1
41 silly currentTree ├── babel-plugin-transform-es2015-object-super@6.24.1
41 silly currentTree ├── babel-plugin-transform-es2015-parameters@6.24.1
41 silly currentTree ├── babel-plugin-transform-es2015-shorthand-properties@6.24.1
41 silly currentTree ├── babel-plugin-transform-es2015-spread@6.22.0
41 silly currentTree ├── babel-plugin-transform-es2015-sticky-regex@6.24.1
41 silly currentTree ├── babel-plugin-transform-es2015-template-literals@6.22.0
41 silly currentTree ├── babel-plugin-transform-es2015-typeof-symbol@6.23.0
41 silly currentTree ├── babel-plugin-transform-es2015-unicode-regex@6.24.1
41 silly currentTree ├── babel-plugin-transform-regenerator@6.24.1
41 silly currentTree ├── babel-plugin-transform-strict-mode@6.24.1
41 silly currentTree ├── babel-preset-es2015@6.24.1
41 silly currentTree ├── babel-register@6.24.1
41 silly currentTree ├── babel-runtime@6.23.0
41 silly currentTree ├── babel-template@6.25.0
41 silly currentTree ├── babel-traverse@6.25.0
41 silly currentTree ├── babel-types@6.25.0
41 silly currentTree ├── babylon@6.17.4
41 silly currentTree ├── balanced-match@1.0.0
41 silly currentTree ├── base64-js@1.2.1
41 silly currentTree ├── bcrypt-pbkdf@1.0.1
41 silly currentTree ├── big.js@3.1.3
41 silly currentTree ├── binary-extensions@1.9.0
41 silly currentTree ├── bn.js@4.11.7
41 silly currentTree ├── boom@2.10.1
41 silly currentTree ├── brace-expansion@1.1.8
41 silly currentTree ├── braces@1.8.5
41 silly currentTree ├── brorand@1.1.0
41 silly currentTree ├── browserify-aes@1.0.6
41 silly currentTree ├── browserify-cipher@1.0.0
41 silly currentTree ├── browserify-des@1.0.0
41 silly currentTree ├── browserify-rsa@4.0.1
41 silly currentTree ├── browserify-sign@4.0.4
41 silly currentTree ├── browserify-zlib@0.1.4
41 silly currentTree ├── browserslist@1.7.7
41 silly currentTree ├── buffer-xor@1.0.3
41 silly currentTree ├── buffer@4.9.1
41 silly currentTree ├── builtin-modules@1.1.1
41 silly currentTree ├── builtin-status-codes@3.0.0
41 silly currentTree ├── camel-case@3.0.0
41 silly currentTree ├── camelcase@1.2.1
41 silly currentTree ├── caniuse-api@1.6.1
41 silly currentTree ├── caniuse-db@1.0.30000704
41 silly currentTree ├── caseless@0.12.0
41 silly currentTree ├── center-align@0.1.3
41 silly currentTree ├── chalk@1.1.3
41 silly currentTree ├── chokidar@1.7.0
41 silly currentTree ├── cipher-base@1.0.4
41 silly currentTree ├── clap@1.2.0
41 silly currentTree ├── clean-css@4.1.7
41 silly currentTree ├── cliui@2.1.0
41 silly currentTree ├── clone@1.0.2
41 silly currentTree ├── co@4.6.0
41 silly currentTree ├── coa@1.0.4
41 silly currentTree ├── code-point-at@1.1.0
41 silly currentTree ├── color-convert@1.9.0
41 silly currentTree ├── color-name@1.1.3
41 silly currentTree ├── color-string@0.3.0
41 silly currentTree ├── color@0.11.4
41 silly currentTree ├── colormin@1.1.2
41 silly currentTree ├── colors@1.1.2
41 silly currentTree ├── combined-stream@1.0.5
41 silly currentTree ├── commander@2.11.0
41 silly currentTree ├── commondir@1.0.1
41 silly currentTree ├── complex.js@2.0.1
41 silly currentTree ├── concat-map@0.0.1
41 silly currentTree ├── console-browserify@1.1.0
41 silly currentTree ├── constants-browserify@1.0.0
41 silly currentTree ├── convert-source-map@1.5.0
41 silly currentTree ├── core-js@2.4.1
41 silly currentTree ├── core-util-is@1.0.2
41 silly currentTree ├── create-ecdh@4.0.0
41 silly currentTree ├── create-hash@1.1.3
41 silly currentTree ├── create-hmac@1.1.6
41 silly currentTree ├── cryptiles@2.0.5
41 silly currentTree ├── crypto-browserify@3.11.1
41 silly currentTree ├── css-color-names@0.0.4
41 silly currentTree ├── css-loader@0.25.0
41 silly currentTree ├─┬ css-selector-tokenizer@0.6.0
41 silly currentTree │ └── regexpu-core@1.0.0
41 silly currentTree ├── cssesc@0.1.0
41 silly currentTree ├── cssnano@3.10.0
41 silly currentTree ├── csso@2.3.2
41 silly currentTree ├─┬ dashdash@1.14.1
41 silly currentTree │ └── assert-plus@1.0.0
41 silly currentTree ├── date-now@0.1.4
41 silly currentTree ├── debug@2.6.8
41 silly currentTree ├── decamelize@1.2.0
41 silly currentTree ├── decimal.js@5.0.8
41 silly currentTree ├── defined@1.0.0
41 silly currentTree ├── delayed-stream@1.0.0
41 silly currentTree ├── des.js@1.0.0
41 silly currentTree ├── detect-indent@4.0.0
41 silly currentTree ├── diffie-hellman@5.0.2
41 silly currentTree ├── domain-browser@1.1.7
41 silly currentTree ├── ecc-jsbn@0.1.1
41 silly currentTree ├── electron-to-chromium@1.3.16
41 silly currentTree ├── elliptic@6.4.0
41 silly currentTree ├── emojis-list@2.1.0
41 silly currentTree ├── enhanced-resolve@3.4.1
41 silly currentTree ├── errno@0.1.4
41 silly currentTree ├── error-ex@1.3.1
41 silly currentTree ├── es6-templates@0.2.3
41 silly currentTree ├── escape-string-regexp@1.0.5
41 silly currentTree ├── esprima@2.7.3
41 silly currentTree ├── esutils@2.0.2
41 silly currentTree ├── events@1.1.1
41 silly currentTree ├── evp_bytestokey@1.0.0
41 silly currentTree ├── expand-brackets@0.1.5
41 silly currentTree ├── expand-range@1.8.2
41 silly currentTree ├── extend@3.0.1
41 silly currentTree ├── extglob@0.3.2
41 silly currentTree ├── extsprintf@1.0.2
41 silly currentTree ├── fastparse@1.1.1
41 silly currentTree ├─┬ file-loader@0.11.2
41 silly currentTree │ └── loader-utils@1.1.0
41 silly currentTree ├── filename-regex@2.0.1
41 silly currentTree ├── fill-range@2.2.3
41 silly currentTree ├── find-cache-dir@0.1.1
41 silly currentTree ├── find-up@1.1.2
41 silly currentTree ├── flatten@1.0.2
41 silly currentTree ├── for-in@1.0.2
41 silly currentTree ├── for-own@0.1.5
41 silly currentTree ├── forever-agent@0.6.1
41 silly currentTree ├── form-data@2.1.4
41 silly currentTree ├── fraction.js@3.3.1
41 silly currentTree ├── fs-extra@2.1.2
41 silly currentTree ├── function-bind@1.1.0
41 silly currentTree ├── get-caller-file@1.0.2
41 silly currentTree ├─┬ getpass@0.1.7
41 silly currentTree │ └── assert-plus@1.0.0
41 silly currentTree ├── glob-base@0.3.0
41 silly currentTree ├── glob-parent@2.0.0
41 silly currentTree ├── globals@9.18.0
41 silly currentTree ├── graceful-fs@4.1.11
41 silly currentTree ├── har-schema@1.0.5
41 silly currentTree ├── har-validator@4.2.1
41 silly currentTree ├── has-ansi@2.0.0
41 silly currentTree ├── has-flag@1.0.0
41 silly currentTree ├── has@1.0.1
41 silly currentTree ├── hash-base@2.0.2
41 silly currentTree ├── hash.js@1.1.3
41 silly currentTree ├── hawk@3.1.3
41 silly currentTree ├── he@1.1.1
41 silly currentTree ├── hmac-drbg@1.0.1
41 silly currentTree ├── hoek@2.16.3
41 silly currentTree ├── home-or-tmp@2.0.0
41 silly currentTree ├── hosted-git-info@2.5.0
41 silly currentTree ├── html-comment-regex@1.1.1
41 silly currentTree ├─┬ html-loader@0.4.5
41 silly currentTree │ └── loader-utils@1.1.0
41 silly currentTree ├── html-minifier@3.5.3
41 silly currentTree ├── http-signature@1.1.1
41 silly currentTree ├── https-browserify@0.0.1
41 silly currentTree ├── icss-replace-symbols@1.1.0
41 silly currentTree ├── ieee754@1.1.8
41 silly currentTree ├── image-size@0.5.5
41 silly currentTree ├── indexes-of@1.0.1
41 silly currentTree ├── indexof@0.0.1
41 silly currentTree ├── inherits@2.0.3
41 silly currentTree ├── interpret@1.0.3
41 silly currentTree ├── invariant@2.2.2
41 silly currentTree ├── invert-kv@1.0.0
41 silly currentTree ├── is-absolute-url@2.1.0
41 silly currentTree ├── is-arrayish@0.2.1
41 silly currentTree ├── is-binary-path@1.0.1
41 silly currentTree ├── is-buffer@1.1.5
41 silly currentTree ├── is-builtin-module@1.0.0
41 silly currentTree ├── is-dotfile@1.0.3
41 silly currentTree ├── is-equal-shallow@0.1.3
41 silly currentTree ├── is-extendable@0.1.1
41 silly currentTree ├── is-extglob@1.0.0
41 silly currentTree ├── is-finite@1.0.2
41 silly currentTree ├── is-fullwidth-code-point@1.0.0
41 silly currentTree ├── is-glob@2.0.1
41 silly currentTree ├── is-number@2.1.0
41 silly currentTree ├── is-plain-obj@1.1.0
41 silly currentTree ├── is-posix-bracket@0.1.1
41 silly currentTree ├── is-primitive@2.0.0
41 silly currentTree ├── is-svg@2.1.0
41 silly currentTree ├── is-typedarray@1.0.0
41 silly currentTree ├── is-utf8@0.2.1
41 silly currentTree ├── isarray@1.0.0
41 silly currentTree ├── isobject@2.1.0
41 silly currentTree ├── isstream@0.1.2
41 silly currentTree ├── js-base64@2.1.9
41 silly currentTree ├── js-tokens@3.0.2
41 silly currentTree ├── js-yaml@3.7.0
41 silly currentTree ├── jsbn@0.1.1
41 silly currentTree ├── jsesc@1.3.0
41 silly currentTree ├── json-loader@0.5.7
41 silly currentTree ├── json-schema@0.2.3
41 silly currentTree ├── json-stable-stringify@1.0.1
41 silly currentTree ├── json-stringify-safe@5.0.1
41 silly currentTree ├── json5@0.5.1
41 silly currentTree ├── jsonfile@2.4.0
41 silly currentTree ├── jsonify@0.0.0
41 silly currentTree ├─┬ jsprim@1.4.0
41 silly currentTree │ └── assert-plus@1.0.0
41 silly currentTree ├── kind-of@3.2.2
41 silly currentTree ├── lazy-cache@1.0.4
41 silly currentTree ├── lcid@1.0.0
41 silly currentTree ├── less-loader@2.2.3
41 silly currentTree ├── less@2.7.2
41 silly currentTree ├── load-json-file@1.1.0
41 silly currentTree ├── loader-runner@2.3.0
41 silly currentTree ├── loader-utils@0.2.17
41 silly currentTree ├── lodash._createcompounder@3.0.0
41 silly currentTree ├── lodash._root@3.0.1
41 silly currentTree ├── lodash.camelcase@3.0.1
41 silly currentTree ├── lodash.deburr@3.2.0
41 silly currentTree ├── lodash.memoize@4.1.2
41 silly currentTree ├── lodash.uniq@4.5.0
41 silly currentTree ├── lodash.words@3.2.0
41 silly currentTree ├── lodash@4.17.4
41 silly currentTree ├── longest@1.0.1
41 silly currentTree ├── loose-envify@1.3.1
41 silly currentTree ├── lower-case@1.1.4
41 silly currentTree ├── macaddress@0.2.8
41 silly currentTree ├── math-expression-evaluator@1.2.17
41 silly currentTree ├── mathjs@3.5.3
41 silly currentTree ├── memory-fs@0.4.1
41 silly currentTree ├── micromatch@2.3.11
41 silly currentTree ├── miller-rabin@4.0.0
41 silly currentTree ├── mime-db@1.27.0
41 silly currentTree ├── mime-types@2.1.15
41 silly currentTree ├── mime@1.3.6
41 silly currentTree ├── minimalistic-assert@1.0.0
41 silly currentTree ├── minimalistic-crypto-utils@1.0.1
41 silly currentTree ├── minimatch@3.0.4
41 silly currentTree ├── minimist@0.0.8
41 silly currentTree ├── mkdirp@0.5.1
41 silly currentTree ├── moment@2.18.1
41 silly currentTree ├── ms@2.0.0
41 silly currentTree ├── ncname@1.0.0
41 silly currentTree ├── no-case@2.3.1
41 silly currentTree ├─┬ node-libs-browser@2.0.0
41 silly currentTree │ └── string_decoder@0.10.31
41 silly currentTree ├── normalize-package-data@2.4.0
41 silly currentTree ├── normalize-path@2.1.1
41 silly currentTree ├── normalize-range@0.1.2
41 silly currentTree ├── normalize-url@1.9.1
41 silly currentTree ├── num2fraction@1.2.2
41 silly currentTree ├── number-is-nan@1.0.1
41 silly currentTree ├── oauth-sign@0.8.2
41 silly currentTree ├── object-assign@4.1.1
41 silly currentTree ├── object.omit@2.0.1
41 silly currentTree ├── os-browserify@0.2.1
41 silly currentTree ├── os-homedir@1.0.2
41 silly currentTree ├── os-locale@1.4.0
41 silly currentTree ├── os-tmpdir@1.0.2
41 silly currentTree ├── pako@0.2.9
41 silly currentTree ├── param-case@2.1.1
41 silly currentTree ├── parse-asn1@5.1.0
41 silly currentTree ├── parse-glob@3.0.4
41 silly currentTree ├── parse-json@2.2.0
41 silly currentTree ├── path-browserify@0.0.0
41 silly currentTree ├── path-exists@2.1.0
41 silly currentTree ├── path-is-absolute@1.0.1
41 silly currentTree ├── path-type@1.1.0
41 silly currentTree ├── pbkdf2@3.0.12
41 silly currentTree ├── performance-now@0.2.0
41 silly currentTree ├── pify@2.3.0
41 silly currentTree ├── pinkie-promise@2.0.1
41 silly currentTree ├── pinkie@2.0.4
41 silly currentTree ├── pkg-dir@1.0.0
41 silly currentTree ├── postcss-calc@5.3.1
41 silly currentTree ├── postcss-colormin@2.2.2
41 silly currentTree ├── postcss-convert-values@2.6.1
41 silly currentTree ├── postcss-discard-comments@2.0.4
41 silly currentTree ├── postcss-discard-duplicates@2.1.0
41 silly currentTree ├── postcss-discard-empty@2.1.0
41 silly currentTree ├── postcss-discard-overridden@0.1.1
41 silly currentTree ├── postcss-discard-unused@2.2.3
41 silly currentTree ├── postcss-filter-plugins@2.0.2
41 silly currentTree ├── postcss-merge-idents@2.1.7
41 silly currentTree ├── postcss-merge-longhand@2.0.2
41 silly currentTree ├── postcss-merge-rules@2.1.2
41 silly currentTree ├── postcss-message-helpers@2.0.0
41 silly currentTree ├── postcss-minify-font-values@1.0.5
41 silly currentTree ├── postcss-minify-gradients@1.0.5
41 silly currentTree ├── postcss-minify-params@1.2.2
41 silly currentTree ├── postcss-minify-selectors@2.1.1
41 silly currentTree ├─┬ postcss-modules-extract-imports@1.1.0
41 silly currentTree │ ├── ansi-styles@3.2.0
41 silly currentTree │ ├── chalk@2.0.1
41 silly currentTree │ ├── has-flag@2.0.0
41 silly currentTree │ ├── postcss@6.0.8
41 silly currentTree │ └── supports-color@4.2.1
41 silly currentTree ├─┬ postcss-modules-local-by-default@1.2.0
41 silly currentTree │ ├── ansi-styles@3.2.0
41 silly currentTree │ ├── chalk@2.0.1
41 silly currentTree │ ├── css-selector-tokenizer@0.7.0
41 silly currentTree │ ├── has-flag@2.0.0
41 silly currentTree │ ├── postcss@6.0.8
41 silly currentTree │ ├── regexpu-core@1.0.0
41 silly currentTree │ └── supports-color@4.2.1
41 silly currentTree ├─┬ postcss-modules-scope@1.1.0
41 silly currentTree │ ├── ansi-styles@3.2.0
41 silly currentTree │ ├── chalk@2.0.1
41 silly currentTree │ ├── css-selector-tokenizer@0.7.0
41 silly currentTree │ ├── has-flag@2.0.0
41 silly currentTree │ ├── postcss@6.0.8
41 silly currentTree │ ├── regexpu-core@1.0.0
41 silly currentTree │ └── supports-color@4.2.1
41 silly currentTree ├─┬ postcss-modules-values@1.3.0
41 silly currentTree │ ├── ansi-styles@3.2.0
41 silly currentTree │ ├── chalk@2.0.1
41 silly currentTree │ ├── has-flag@2.0.0
41 silly currentTree │ ├── postcss@6.0.8
41 silly currentTree │ └── supports-color@4.2.1
41 silly currentTree ├── postcss-normalize-charset@1.1.1
41 silly currentTree ├── postcss-normalize-url@3.0.8
41 silly currentTree ├── postcss-ordered-values@2.2.3
41 silly currentTree ├── postcss-reduce-idents@2.4.0
41 silly currentTree ├── postcss-reduce-initial@1.0.1
41 silly currentTree ├── postcss-reduce-transforms@1.0.4
41 silly currentTree ├── postcss-selector-parser@2.2.3
41 silly currentTree ├── postcss-svgo@2.1.6
41 silly currentTree ├── postcss-unique-selectors@2.0.2
41 silly currentTree ├── postcss-value-parser@3.3.0
41 silly currentTree ├── postcss-zindex@2.2.0
41 silly currentTree ├─┬ postcss@5.2.17
41 silly currentTree │ └── supports-color@3.2.3
41 silly currentTree ├── prepend-http@1.0.4
41 silly currentTree ├── preserve@0.2.0
41 silly currentTree ├── private@0.1.7
41 silly currentTree ├── process-nextick-args@1.0.7
41 silly currentTree ├── process@0.11.10
41 silly currentTree ├── promise@7.3.1
41 silly currentTree ├── prr@0.0.0
41 silly currentTree ├── public-encrypt@4.0.0
41 silly currentTree ├── punycode@1.4.1
41 silly currentTree ├── q@1.5.0
41 silly currentTree ├── qs@6.4.0
41 silly currentTree ├── query-string@4.3.4
41 silly currentTree ├── querystring-es3@0.2.1
41 silly currentTree ├── querystring@0.2.0
41 silly currentTree ├─┬ randomatic@1.1.7
41 silly currentTree │ ├─┬ is-number@3.0.0
41 silly currentTree │ │ └── kind-of@3.2.2
41 silly currentTree │ └── kind-of@4.0.0
41 silly currentTree ├── randombytes@2.0.5
41 silly currentTree ├── raw-loader@0.5.1
41 silly currentTree ├── read-pkg-up@1.0.1
41 silly currentTree ├── read-pkg@1.1.0
41 silly currentTree ├── readable-stream@2.3.3
41 silly currentTree ├── readdirp@2.1.0
41 silly currentTree ├─┬ recast@0.11.23
41 silly currentTree │ └── esprima@3.1.3
41 silly currentTree ├─┬ reduce-css-calc@1.3.0
41 silly currentTree │ └── balanced-match@0.4.2
41 silly currentTree ├─┬ reduce-function-call@1.0.2
41 silly currentTree │ └── balanced-match@0.4.2
41 silly currentTree ├── reflect-metadata@0.1.10
41 silly currentTree ├── regenerate@1.3.2
41 silly currentTree ├── regenerator-runtime@0.10.5
41 silly currentTree ├── regenerator-transform@0.9.11
41 silly currentTree ├── regex-cache@0.4.3
41 silly currentTree ├── regexpu-core@2.0.0
41 silly currentTree ├── regjsgen@0.2.0
41 silly currentTree ├─┬ regjsparser@0.1.5
41 silly currentTree │ └── jsesc@0.5.0
41 silly currentTree ├── relateurl@0.2.7
41 silly currentTree ├── remove-trailing-separator@1.0.2
41 silly currentTree ├── repeat-element@1.1.2
41 silly currentTree ├── repeat-string@1.6.1
41 silly currentTree ├── repeating@2.0.1
41 silly currentTree ├── request@2.81.0
41 silly currentTree ├── require-directory@2.1.1
41 silly currentTree ├── require-main-filename@1.0.1
41 silly currentTree ├── right-align@0.1.3
41 silly currentTree ├── ripemd160@2.0.1
41 silly currentTree ├── rxjs@5.4.2
41 silly currentTree ├── safe-buffer@5.1.1
41 silly currentTree ├── sax@1.2.4
41 silly currentTree ├── script-loader@0.6.1
41 silly currentTree ├── semver@5.3.0
41 silly currentTree ├── set-blocking@2.0.0
41 silly currentTree ├── set-immediate-shim@1.0.1
41 silly currentTree ├── setimmediate@1.0.5
41 silly currentTree ├── sha.js@2.4.8
41 silly currentTree ├── slash@1.0.0
41 silly currentTree ├── sntp@1.0.9
41 silly currentTree ├── sort-keys@1.1.2
41 silly currentTree ├── source-list-map@0.1.8
41 silly currentTree ├── source-map-support@0.4.15
41 silly currentTree ├── source-map@0.5.6
41 silly currentTree ├── spdx-correct@1.0.2
41 silly currentTree ├── spdx-expression-parse@1.0.4
41 silly currentTree ├── spdx-license-ids@1.2.2
41 silly currentTree ├── sprintf-js@1.0.3
41 silly currentTree ├─┬ sshpk@1.13.1
41 silly currentTree │ └── assert-plus@1.0.0
41 silly currentTree ├── stream-browserify@2.0.1
41 silly currentTree ├── stream-http@2.7.2
41 silly currentTree ├── strict-uri-encode@1.1.0
41 silly currentTree ├── string_decoder@1.0.3
41 silly currentTree ├── string-width@1.0.2
41 silly currentTree ├── stringstream@0.0.5
41 silly currentTree ├── strip-ansi@3.0.1
41 silly currentTree ├── strip-bom@2.0.0
41 silly currentTree ├─┬ style-loader@0.13.2
41 silly currentTree │ └── loader-utils@1.1.0
41 silly currentTree ├── supports-color@2.0.0
41 silly currentTree ├── svgo@0.7.2
41 silly currentTree ├── symbol-observable@1.0.4
41 silly currentTree ├── tapable@0.2.7
41 silly currentTree ├── through@2.3.8
41 silly currentTree ├── timers-browserify@2.0.2
41 silly currentTree ├── tiny-emitter@1.0.2
41 silly currentTree ├── to-arraybuffer@1.0.1
41 silly currentTree ├── to-fast-properties@1.0.3
41 silly currentTree ├── tough-cookie@2.3.2
41 silly currentTree ├── trim-right@1.0.1
41 silly currentTree ├── tslib@1.7.1
41 silly currentTree ├── tty-browserify@0.0.0
41 silly currentTree ├── tunnel-agent@0.6.0
41 silly currentTree ├── tweetnacl@0.14.5
41 silly currentTree ├── typed-function@0.10.4
41 silly currentTree ├── uglify-js@3.0.26
41 silly currentTree ├── uglify-to-browserify@1.0.2
41 silly currentTree ├── uniq@1.0.1
41 silly currentTree ├── uniqid@4.1.1
41 silly currentTree ├── uniqs@2.0.0
41 silly currentTree ├── upper-case@1.1.3
41 silly currentTree ├─┬ url-loader@0.5.9
41 silly currentTree │ └── loader-utils@1.1.0
41 silly currentTree ├─┬ url@0.11.0
41 silly currentTree │ └── punycode@1.3.2
41 silly currentTree ├── util-deprecate@1.0.2
41 silly currentTree ├─┬ util@0.10.3
41 silly currentTree │ └── inherits@2.0.1
41 silly currentTree ├── uuid@3.1.0
41 silly currentTree ├── validate-npm-package-license@3.0.1
41 silly currentTree ├── vendors@1.0.1
41 silly currentTree ├── verror@1.3.6
41 silly currentTree ├── vm-browserify@0.0.4
41 silly currentTree ├── watchpack@1.4.0
41 silly currentTree ├─┬ webpack-sources@0.2.3
41 silly currentTree │ └── source-list-map@1.1.2
41 silly currentTree ├─┬ webpack@2.3.3
41 silly currentTree │ ├── supports-color@3.2.3
41 silly currentTree │ └─┬ uglify-js@2.8.29
41 silly currentTree │   └── yargs@3.10.0
41 silly currentTree ├── whet.extend@0.9.9
41 silly currentTree ├── which-module@1.0.0
41 silly currentTree ├── window-size@0.1.0
41 silly currentTree ├── wordwrap@0.0.2
41 silly currentTree ├── wrap-ansi@2.1.0
41 silly currentTree ├── xml-char-classes@1.0.0
41 silly currentTree ├── xtend@4.0.1
41 silly currentTree ├── y18n@3.2.1
41 silly currentTree ├─┬ yargs-parser@4.2.1
41 silly currentTree │ └── camelcase@3.0.0
41 silly currentTree ├─┬ yargs@6.6.0
41 silly currentTree │ ├── camelcase@3.0.0
41 silly currentTree │ └── cliui@3.2.0
41 silly currentTree └── zone.js@0.6.26
42 silly idealTree angular2-demo@1.0.0
42 silly idealTree ├── @angular/animations@4.1.3
42 silly idealTree ├── @angular/common@4.2.6
42 silly idealTree ├── @angular/compiler@4.2.6
42 silly idealTree ├── @angular/core@4.2.6
42 silly idealTree ├── @angular/forms@4.2.6
42 silly idealTree ├── @angular/http@4.2.6
42 silly idealTree ├── @angular/platform-browser-dynamic@4.2.6
42 silly idealTree ├── @angular/platform-browser@4.2.6
42 silly idealTree ├── @angular/router@4.2.6
42 silly idealTree ├── acorn-dynamic-import@2.0.2
42 silly idealTree ├── acorn@4.0.13
42 silly idealTree ├── ajv-keywords@1.5.1
42 silly idealTree ├── ajv@4.11.8
42 silly idealTree ├── align-text@0.1.4
42 silly idealTree ├── alphanum-sort@1.0.2
42 silly idealTree ├── ansi-regex@2.1.1
42 silly idealTree ├── ansi-styles@2.2.1
42 silly idealTree ├── anymatch@1.3.0
42 silly idealTree ├── argparse@1.0.9
42 silly idealTree ├── arr-diff@2.0.0
42 silly idealTree ├── arr-flatten@1.1.0
42 silly idealTree ├── array-unique@0.2.1
42 silly idealTree ├── arrify@1.0.1
42 silly idealTree ├── asap@2.0.6
42 silly idealTree ├── asn1.js@4.9.1
42 silly idealTree ├── asn1@0.2.3
42 silly idealTree ├── assert-plus@0.2.0
42 silly idealTree ├── assert@1.4.1
42 silly idealTree ├── ast-types@0.9.6
42 silly idealTree ├── async-each@1.0.1
42 silly idealTree ├── async@2.5.0
42 silly idealTree ├── asynckit@0.4.0
42 silly idealTree ├── autoprefixer@6.7.7
42 silly idealTree ├── aws-sign2@0.6.0
42 silly idealTree ├── aws4@1.6.0
42 silly idealTree ├── babel-code-frame@6.22.0
42 silly idealTree ├── babel-core@6.25.0
42 silly idealTree ├── babel-generator@6.25.0
42 silly idealTree ├── babel-helper-call-delegate@6.24.1
42 silly idealTree ├── babel-helper-define-map@6.24.1
42 silly idealTree ├── babel-helper-function-name@6.24.1
42 silly idealTree ├── babel-helper-get-function-arity@6.24.1
42 silly idealTree ├── babel-helper-hoist-variables@6.24.1
42 silly idealTree ├── babel-helper-optimise-call-expression@6.24.1
42 silly idealTree ├── babel-helper-regex@6.24.1
42 silly idealTree ├── babel-helper-replace-supers@6.24.1
42 silly idealTree ├── babel-helpers@6.24.1
42 silly idealTree ├── babel-loader@6.4.1
42 silly idealTree ├── babel-messages@6.23.0
42 silly idealTree ├── babel-plugin-check-es2015-constants@6.22.0
42 silly idealTree ├── babel-plugin-transform-es2015-arrow-functions@6.22.0
42 silly idealTree ├── babel-plugin-transform-es2015-block-scoped-functions@6.22.0
42 silly idealTree ├── babel-plugin-transform-es2015-block-scoping@6.24.1
42 silly idealTree ├── babel-plugin-transform-es2015-classes@6.24.1
42 silly idealTree ├── babel-plugin-transform-es2015-computed-properties@6.24.1
42 silly idealTree ├── babel-plugin-transform-es2015-destructuring@6.23.0
42 silly idealTree ├── babel-plugin-transform-es2015-duplicate-keys@6.24.1
42 silly idealTree ├── babel-plugin-transform-es2015-for-of@6.23.0
42 silly idealTree ├── babel-plugin-transform-es2015-function-name@6.24.1
42 silly idealTree ├── babel-plugin-transform-es2015-literals@6.22.0
42 silly idealTree ├── babel-plugin-transform-es2015-modules-amd@6.24.1
42 silly idealTree ├── babel-plugin-transform-es2015-modules-commonjs@6.24.1
42 silly idealTree ├── babel-plugin-transform-es2015-modules-systemjs@6.24.1
42 silly idealTree ├── babel-plugin-transform-es2015-modules-umd@6.24.1
42 silly idealTree ├── babel-plugin-transform-es2015-object-super@6.24.1
42 silly idealTree ├── babel-plugin-transform-es2015-parameters@6.24.1
42 silly idealTree ├── babel-plugin-transform-es2015-shorthand-properties@6.24.1
42 silly idealTree ├── babel-plugin-transform-es2015-spread@6.22.0
42 silly idealTree ├── babel-plugin-transform-es2015-sticky-regex@6.24.1
42 silly idealTree ├── babel-plugin-transform-es2015-template-literals@6.22.0
42 silly idealTree ├── babel-plugin-transform-es2015-typeof-symbol@6.23.0
42 silly idealTree ├── babel-plugin-transform-es2015-unicode-regex@6.24.1
42 silly idealTree ├── babel-plugin-transform-regenerator@6.24.1
42 silly idealTree ├── babel-plugin-transform-strict-mode@6.24.1
42 silly idealTree ├── babel-preset-es2015@6.24.1
42 silly idealTree ├── babel-register@6.24.1
42 silly idealTree ├── babel-runtime@6.23.0
42 silly idealTree ├── babel-template@6.25.0
42 silly idealTree ├── babel-traverse@6.25.0
42 silly idealTree ├── babel-types@6.25.0
42 silly idealTree ├── babylon@6.17.4
42 silly idealTree ├── balanced-match@1.0.0
42 silly idealTree ├── base64-js@1.2.1
42 silly idealTree ├── bcrypt-pbkdf@1.0.1
42 silly idealTree ├── big.js@3.1.3
42 silly idealTree ├── binary-extensions@1.9.0
42 silly idealTree ├── bn.js@4.11.7
42 silly idealTree ├── boom@2.10.1
42 silly idealTree ├── brace-expansion@1.1.8
42 silly idealTree ├── braces@1.8.5
42 silly idealTree ├── brorand@1.1.0
42 silly idealTree ├── browserify-aes@1.0.6
42 silly idealTree ├── browserify-cipher@1.0.0
42 silly idealTree ├── browserify-des@1.0.0
42 silly idealTree ├── browserify-rsa@4.0.1
42 silly idealTree ├── browserify-sign@4.0.4
42 silly idealTree ├── browserify-zlib@0.1.4
42 silly idealTree ├── browserslist@1.7.7
42 silly idealTree ├── buffer-xor@1.0.3
42 silly idealTree ├── buffer@4.9.1
42 silly idealTree ├── builtin-modules@1.1.1
42 silly idealTree ├── builtin-status-codes@3.0.0
42 silly idealTree ├── camel-case@3.0.0
42 silly idealTree ├── camelcase@1.2.1
42 silly idealTree ├── caniuse-api@1.6.1
42 silly idealTree ├── caniuse-db@1.0.30000704
42 silly idealTree ├── caseless@0.12.0
42 silly idealTree ├── center-align@0.1.3
42 silly idealTree ├── chalk@1.1.3
42 silly idealTree ├── chokidar@1.7.0
42 silly idealTree ├── cipher-base@1.0.4
42 silly idealTree ├── clap@1.2.0
42 silly idealTree ├── clean-css@4.1.7
42 silly idealTree ├── cliui@2.1.0
42 silly idealTree ├── clone@1.0.2
42 silly idealTree ├── co@4.6.0
42 silly idealTree ├── coa@1.0.4
42 silly idealTree ├── code-point-at@1.1.0
42 silly idealTree ├── color-convert@1.9.0
42 silly idealTree ├── color-name@1.1.3
42 silly idealTree ├── color-string@0.3.0
42 silly idealTree ├── color@0.11.4
42 silly idealTree ├── colormin@1.1.2
42 silly idealTree ├── colors@1.1.2
42 silly idealTree ├── combined-stream@1.0.5
42 silly idealTree ├── commander@2.11.0
42 silly idealTree ├── commondir@1.0.1
42 silly idealTree ├── complex.js@2.0.1
42 silly idealTree ├── concat-map@0.0.1
42 silly idealTree ├── console-browserify@1.1.0
42 silly idealTree ├── constants-browserify@1.0.0
42 silly idealTree ├── convert-source-map@1.5.0
42 silly idealTree ├── core-js@2.4.1
42 silly idealTree ├── core-util-is@1.0.2
42 silly idealTree ├── create-ecdh@4.0.0
42 silly idealTree ├── create-hash@1.1.3
42 silly idealTree ├── create-hmac@1.1.6
42 silly idealTree ├── cryptiles@2.0.5
42 silly idealTree ├── crypto-browserify@3.11.1
42 silly idealTree ├── css-color-names@0.0.4
42 silly idealTree ├── css-loader@0.25.0
42 silly idealTree ├─┬ css-selector-tokenizer@0.6.0
42 silly idealTree │ └── regexpu-core@1.0.0
42 silly idealTree ├── cssesc@0.1.0
42 silly idealTree ├── cssnano@3.10.0
42 silly idealTree ├── csso@2.3.2
42 silly idealTree ├─┬ dashdash@1.14.1
42 silly idealTree │ └── assert-plus@1.0.0
42 silly idealTree ├── date-now@0.1.4
42 silly idealTree ├── debug@2.6.8
42 silly idealTree ├── decamelize@1.2.0
42 silly idealTree ├── decimal.js@5.0.8
42 silly idealTree ├── defined@1.0.0
42 silly idealTree ├── delayed-stream@1.0.0
42 silly idealTree ├── des.js@1.0.0
42 silly idealTree ├── detect-indent@4.0.0
42 silly idealTree ├── diffie-hellman@5.0.2
42 silly idealTree ├── domain-browser@1.1.7
42 silly idealTree ├── ecc-jsbn@0.1.1
42 silly idealTree ├── electron-to-chromium@1.3.16
42 silly idealTree ├── elliptic@6.4.0
42 silly idealTree ├── emojis-list@2.1.0
42 silly idealTree ├── enhanced-resolve@3.4.1
42 silly idealTree ├── errno@0.1.4
42 silly idealTree ├── error-ex@1.3.1
42 silly idealTree ├── es6-templates@0.2.3
42 silly idealTree ├── escape-string-regexp@1.0.5
42 silly idealTree ├── esprima@2.7.3
42 silly idealTree ├── esutils@2.0.2
42 silly idealTree ├── events@1.1.1
42 silly idealTree ├── evp_bytestokey@1.0.0
42 silly idealTree ├── expand-brackets@0.1.5
42 silly idealTree ├── expand-range@1.8.2
42 silly idealTree ├── extend@3.0.1
42 silly idealTree ├── extglob@0.3.2
42 silly idealTree ├── extsprintf@1.0.2
42 silly idealTree ├── fastparse@1.1.1
42 silly idealTree ├─┬ file-loader@0.11.2
42 silly idealTree │ └── loader-utils@1.1.0
42 silly idealTree ├── filename-regex@2.0.1
42 silly idealTree ├── fill-range@2.2.3
42 silly idealTree ├── find-cache-dir@0.1.1
42 silly idealTree ├── find-up@1.1.2
42 silly idealTree ├── flatten@1.0.2
42 silly idealTree ├── for-in@1.0.2
42 silly idealTree ├── for-own@0.1.5
42 silly idealTree ├── forever-agent@0.6.1
42 silly idealTree ├── form-data@2.1.4
42 silly idealTree ├── fraction.js@3.3.1
42 silly idealTree ├── fs-extra@2.1.2
42 silly idealTree ├── function-bind@1.1.0
42 silly idealTree ├── get-caller-file@1.0.2
42 silly idealTree ├─┬ getpass@0.1.7
42 silly idealTree │ └── assert-plus@1.0.0
42 silly idealTree ├── glob-base@0.3.0
42 silly idealTree ├── glob-parent@2.0.0
42 silly idealTree ├── globals@9.18.0
42 silly idealTree ├── graceful-fs@4.1.11
42 silly idealTree ├── har-schema@1.0.5
42 silly idealTree ├── har-validator@4.2.1
42 silly idealTree ├── has-ansi@2.0.0
42 silly idealTree ├── has-flag@1.0.0
42 silly idealTree ├── has@1.0.1
42 silly idealTree ├── hash-base@2.0.2
42 silly idealTree ├── hash.js@1.1.3
42 silly idealTree ├── hawk@3.1.3
42 silly idealTree ├── he@1.1.1
42 silly idealTree ├── hmac-drbg@1.0.1
42 silly idealTree ├── hoek@2.16.3
42 silly idealTree ├── home-or-tmp@2.0.0
42 silly idealTree ├── hosted-git-info@2.5.0
42 silly idealTree ├── html-comment-regex@1.1.1
42 silly idealTree ├─┬ html-loader@0.4.5
42 silly idealTree │ └── loader-utils@1.1.0
42 silly idealTree ├── html-minifier@3.5.3
42 silly idealTree ├── http-signature@1.1.1
42 silly idealTree ├── https-browserify@0.0.1
42 silly idealTree ├── icss-replace-symbols@1.1.0
42 silly idealTree ├── ieee754@1.1.8
42 silly idealTree ├── image-size@0.5.5
42 silly idealTree ├── indexes-of@1.0.1
42 silly idealTree ├── indexof@0.0.1
42 silly idealTree ├── inherits@2.0.3
42 silly idealTree ├── interpret@1.0.3
42 silly idealTree ├── invariant@2.2.2
42 silly idealTree ├── invert-kv@1.0.0
42 silly idealTree ├── is-absolute-url@2.1.0
42 silly idealTree ├── is-arrayish@0.2.1
42 silly idealTree ├── is-binary-path@1.0.1
42 silly idealTree ├── is-buffer@1.1.5
42 silly idealTree ├── is-builtin-module@1.0.0
42 silly idealTree ├── is-dotfile@1.0.3
42 silly idealTree ├── is-equal-shallow@0.1.3
42 silly idealTree ├── is-extendable@0.1.1
42 silly idealTree ├── is-extglob@1.0.0
42 silly idealTree ├── is-finite@1.0.2
42 silly idealTree ├── is-fullwidth-code-point@1.0.0
42 silly idealTree ├── is-glob@2.0.1
42 silly idealTree ├── is-number@2.1.0
42 silly idealTree ├── is-plain-obj@1.1.0
42 silly idealTree ├── is-posix-bracket@0.1.1
42 silly idealTree ├── is-primitive@2.0.0
42 silly idealTree ├── is-svg@2.1.0
42 silly idealTree ├── is-typedarray@1.0.0
42 silly idealTree ├── is-utf8@0.2.1
42 silly idealTree ├── isarray@1.0.0
42 silly idealTree ├── isobject@2.1.0
42 silly idealTree ├── isstream@0.1.2
42 silly idealTree ├── js-base64@2.1.9
42 silly idealTree ├── js-tokens@3.0.2
42 silly idealTree ├── js-yaml@3.7.0
42 silly idealTree ├── jsbn@0.1.1
42 silly idealTree ├── jsesc@1.3.0
42 silly idealTree ├── json-loader@0.5.7
42 silly idealTree ├── json-schema@0.2.3
42 silly idealTree ├── json-stable-stringify@1.0.1
42 silly idealTree ├── json-stringify-safe@5.0.1
42 silly idealTree ├── json5@0.5.1
42 silly idealTree ├── jsonfile@2.4.0
42 silly idealTree ├── jsonify@0.0.0
42 silly idealTree ├─┬ jsprim@1.4.0
42 silly idealTree │ └── assert-plus@1.0.0
42 silly idealTree ├── kind-of@3.2.2
42 silly idealTree ├── lazy-cache@1.0.4
42 silly idealTree ├── lcid@1.0.0
42 silly idealTree ├── less-loader@2.2.3
42 silly idealTree ├── less@2.7.2
42 silly idealTree ├── load-json-file@1.1.0
42 silly idealTree ├── loader-runner@2.3.0
42 silly idealTree ├── loader-utils@0.2.17
42 silly idealTree ├── lodash._createcompounder@3.0.0
42 silly idealTree ├── lodash._root@3.0.1
42 silly idealTree ├── lodash.camelcase@3.0.1
42 silly idealTree ├── lodash.deburr@3.2.0
42 silly idealTree ├── lodash.memoize@4.1.2
42 silly idealTree ├── lodash.uniq@4.5.0
42 silly idealTree ├── lodash.words@3.2.0
42 silly idealTree ├── lodash@4.17.4
42 silly idealTree ├── longest@1.0.1
42 silly idealTree ├── loose-envify@1.3.1
42 silly idealTree ├── lower-case@1.1.4
42 silly idealTree ├── macaddress@0.2.8
42 silly idealTree ├── math-expression-evaluator@1.2.17
42 silly idealTree ├── mathjs@3.5.3
42 silly idealTree ├── memory-fs@0.4.1
42 silly idealTree ├── micromatch@2.3.11
42 silly idealTree ├── miller-rabin@4.0.0
42 silly idealTree ├── mime-db@1.27.0
42 silly idealTree ├── mime-types@2.1.15
42 silly idealTree ├── mime@1.3.6
42 silly idealTree ├── minimalistic-assert@1.0.0
42 silly idealTree ├── minimalistic-crypto-utils@1.0.1
42 silly idealTree ├── minimatch@3.0.4
42 silly idealTree ├── minimist@0.0.8
42 silly idealTree ├── mkdirp@0.5.1
42 silly idealTree ├── moment@2.18.1
42 silly idealTree ├── ms@2.0.0
42 silly idealTree ├── ncname@1.0.0
42 silly idealTree ├── no-case@2.3.1
42 silly idealTree ├─┬ node-libs-browser@2.0.0
42 silly idealTree │ └── string_decoder@0.10.31
42 silly idealTree ├── normalize-package-data@2.4.0
42 silly idealTree ├── normalize-path@2.1.1
42 silly idealTree ├── normalize-range@0.1.2
42 silly idealTree ├── normalize-url@1.9.1
42 silly idealTree ├── num2fraction@1.2.2
42 silly idealTree ├── number-is-nan@1.0.1
42 silly idealTree ├── oauth-sign@0.8.2
42 silly idealTree ├── object-assign@4.1.1
42 silly idealTree ├── object.omit@2.0.1
42 silly idealTree ├── os-browserify@0.2.1
42 silly idealTree ├── os-homedir@1.0.2
42 silly idealTree ├── os-locale@1.4.0
42 silly idealTree ├── os-tmpdir@1.0.2
42 silly idealTree ├── pako@0.2.9
42 silly idealTree ├── param-case@2.1.1
42 silly idealTree ├── parse-asn1@5.1.0
42 silly idealTree ├── parse-glob@3.0.4
42 silly idealTree ├── parse-json@2.2.0
42 silly idealTree ├── path-browserify@0.0.0
42 silly idealTree ├── path-exists@2.1.0
42 silly idealTree ├── path-is-absolute@1.0.1
42 silly idealTree ├── path-type@1.1.0
42 silly idealTree ├── pbkdf2@3.0.12
42 silly idealTree ├── performance-now@0.2.0
42 silly idealTree ├── pify@2.3.0
42 silly idealTree ├── pinkie-promise@2.0.1
42 silly idealTree ├── pinkie@2.0.4
42 silly idealTree ├── pkg-dir@1.0.0
42 silly idealTree ├── postcss-calc@5.3.1
42 silly idealTree ├── postcss-colormin@2.2.2
42 silly idealTree ├── postcss-convert-values@2.6.1
42 silly idealTree ├── postcss-discard-comments@2.0.4
42 silly idealTree ├── postcss-discard-duplicates@2.1.0
42 silly idealTree ├── postcss-discard-empty@2.1.0
42 silly idealTree ├── postcss-discard-overridden@0.1.1
42 silly idealTree ├── postcss-discard-unused@2.2.3
42 silly idealTree ├── postcss-filter-plugins@2.0.2
42 silly idealTree ├── postcss-merge-idents@2.1.7
42 silly idealTree ├── postcss-merge-longhand@2.0.2
42 silly idealTree ├── postcss-merge-rules@2.1.2
42 silly idealTree ├── postcss-message-helpers@2.0.0
42 silly idealTree ├── postcss-minify-font-values@1.0.5
42 silly idealTree ├── postcss-minify-gradients@1.0.5
42 silly idealTree ├── postcss-minify-params@1.2.2
42 silly idealTree ├── postcss-minify-selectors@2.1.1
42 silly idealTree ├─┬ postcss-modules-extract-imports@1.1.0
42 silly idealTree │ ├── ansi-styles@3.2.0
42 silly idealTree │ ├── chalk@2.0.1
42 silly idealTree │ ├── has-flag@2.0.0
42 silly idealTree │ ├── postcss@6.0.8
42 silly idealTree │ └── supports-color@4.2.1
42 silly idealTree ├─┬ postcss-modules-local-by-default@1.2.0
42 silly idealTree │ ├── ansi-styles@3.2.0
42 silly idealTree │ ├── chalk@2.0.1
42 silly idealTree │ ├── css-selector-tokenizer@0.7.0
42 silly idealTree │ ├── has-flag@2.0.0
42 silly idealTree │ ├── postcss@6.0.8
42 silly idealTree │ ├── regexpu-core@1.0.0
42 silly idealTree │ └── supports-color@4.2.1
42 silly idealTree ├─┬ postcss-modules-scope@1.1.0
42 silly idealTree │ ├── ansi-styles@3.2.0
42 silly idealTree │ ├── chalk@2.0.1
42 silly idealTree │ ├── css-selector-tokenizer@0.7.0
42 silly idealTree │ ├── has-flag@2.0.0
42 silly idealTree │ ├── postcss@6.0.8
42 silly idealTree │ ├── regexpu-core@1.0.0
42 silly idealTree │ └── supports-color@4.2.1
42 silly idealTree ├─┬ postcss-modules-values@1.3.0
42 silly idealTree │ ├── ansi-styles@3.2.0
42 silly idealTree │ ├── chalk@2.0.1
42 silly idealTree │ ├── has-flag@2.0.0
42 silly idealTree │ ├── postcss@6.0.8
42 silly idealTree │ └── supports-color@4.2.1
42 silly idealTree ├── postcss-normalize-charset@1.1.1
42 silly idealTree ├── postcss-normalize-url@3.0.8
42 silly idealTree ├── postcss-ordered-values@2.2.3
42 silly idealTree ├── postcss-reduce-idents@2.4.0
42 silly idealTree ├── postcss-reduce-initial@1.0.1
42 silly idealTree ├── postcss-reduce-transforms@1.0.4
42 silly idealTree ├── postcss-selector-parser@2.2.3
42 silly idealTree ├── postcss-svgo@2.1.6
42 silly idealTree ├── postcss-unique-selectors@2.0.2
42 silly idealTree ├── postcss-value-parser@3.3.0
42 silly idealTree ├── postcss-zindex@2.2.0
42 silly idealTree ├─┬ postcss@5.2.17
42 silly idealTree │ └── supports-color@3.2.3
42 silly idealTree ├── prepend-http@1.0.4
42 silly idealTree ├── preserve@0.2.0
42 silly idealTree ├── private@0.1.7
42 silly idealTree ├── process-nextick-args@1.0.7
42 silly idealTree ├── process@0.11.10
42 silly idealTree ├── promise@7.3.1
42 silly idealTree ├── prr@0.0.0
42 silly idealTree ├── public-encrypt@4.0.0
42 silly idealTree ├── punycode@1.4.1
42 silly idealTree ├── q@1.5.0
42 silly idealTree ├── qs@6.4.0
42 silly idealTree ├── query-string@4.3.4
42 silly idealTree ├── querystring-es3@0.2.1
42 silly idealTree ├── querystring@0.2.0
42 silly idealTree ├─┬ randomatic@1.1.7
42 silly idealTree │ ├─┬ is-number@3.0.0
42 silly idealTree │ │ └── kind-of@3.2.2
42 silly idealTree │ └── kind-of@4.0.0
42 silly idealTree ├── randombytes@2.0.5
42 silly idealTree ├── raw-loader@0.5.1
42 silly idealTree ├── read-pkg-up@1.0.1
42 silly idealTree ├── read-pkg@1.1.0
42 silly idealTree ├── readable-stream@2.3.3
42 silly idealTree ├── readdirp@2.1.0
42 silly idealTree ├─┬ recast@0.11.23
42 silly idealTree │ └── esprima@3.1.3
42 silly idealTree ├─┬ reduce-css-calc@1.3.0
42 silly idealTree │ └── balanced-match@0.4.2
42 silly idealTree ├─┬ reduce-function-call@1.0.2
42 silly idealTree │ └── balanced-match@0.4.2
42 silly idealTree ├── reflect-metadata@0.1.10
42 silly idealTree ├── regenerate@1.3.2
42 silly idealTree ├── regenerator-runtime@0.10.5
42 silly idealTree ├── regenerator-transform@0.9.11
42 silly idealTree ├── regex-cache@0.4.3
42 silly idealTree ├── regexpu-core@2.0.0
42 silly idealTree ├── regjsgen@0.2.0
42 silly idealTree ├─┬ regjsparser@0.1.5
42 silly idealTree │ └── jsesc@0.5.0
42 silly idealTree ├── relateurl@0.2.7
42 silly idealTree ├── remove-trailing-separator@1.0.2
42 silly idealTree ├── repeat-element@1.1.2
42 silly idealTree ├── repeat-string@1.6.1
42 silly idealTree ├── repeating@2.0.1
42 silly idealTree ├── request@2.81.0
42 silly idealTree ├── require-directory@2.1.1
42 silly idealTree ├── require-main-filename@1.0.1
42 silly idealTree ├── right-align@0.1.3
42 silly idealTree ├── ripemd160@2.0.1
42 silly idealTree ├── rxjs@5.4.2
42 silly idealTree ├── safe-buffer@5.1.1
42 silly idealTree ├── sax@1.2.4
42 silly idealTree ├── script-loader@0.6.1
42 silly idealTree ├── semver@5.3.0
42 silly idealTree ├── set-blocking@2.0.0
42 silly idealTree ├── set-immediate-shim@1.0.1
42 silly idealTree ├── setimmediate@1.0.5
42 silly idealTree ├── sha.js@2.4.8
42 silly idealTree ├── slash@1.0.0
42 silly idealTree ├── sntp@1.0.9
42 silly idealTree ├── sort-keys@1.1.2
42 silly idealTree ├── source-list-map@0.1.8
42 silly idealTree ├── source-map-support@0.4.15
42 silly idealTree ├── source-map@0.5.6
42 silly idealTree ├── spdx-correct@1.0.2
42 silly idealTree ├── spdx-expression-parse@1.0.4
42 silly idealTree ├── spdx-license-ids@1.2.2
42 silly idealTree ├── sprintf-js@1.0.3
42 silly idealTree ├─┬ sshpk@1.13.1
42 silly idealTree │ └── assert-plus@1.0.0
42 silly idealTree ├── stream-browserify@2.0.1
42 silly idealTree ├── stream-http@2.7.2
42 silly idealTree ├── strict-uri-encode@1.1.0
42 silly idealTree ├── string_decoder@1.0.3
42 silly idealTree ├── string-width@1.0.2
42 silly idealTree ├── stringstream@0.0.5
42 silly idealTree ├── strip-ansi@3.0.1
42 silly idealTree ├── strip-bom@2.0.0
42 silly idealTree ├─┬ style-loader@0.13.2
42 silly idealTree │ └── loader-utils@1.1.0
42 silly idealTree ├── supports-color@2.0.0
42 silly idealTree ├── svgo@0.7.2
42 silly idealTree ├── symbol-observable@1.0.4
42 silly idealTree ├── tapable@0.2.7
42 silly idealTree ├── through@2.3.8
42 silly idealTree ├── timers-browserify@2.0.2
42 silly idealTree ├── tiny-emitter@1.0.2
42 silly idealTree ├── to-arraybuffer@1.0.1
42 silly idealTree ├── to-fast-properties@1.0.3
42 silly idealTree ├── tough-cookie@2.3.2
42 silly idealTree ├── trim-right@1.0.1
42 silly idealTree ├── tslib@1.7.1
42 silly idealTree ├── tty-browserify@0.0.0
42 silly idealTree ├── tunnel-agent@0.6.0
42 silly idealTree ├── tweetnacl@0.14.5
42 silly idealTree ├── typed-function@0.10.4
42 silly idealTree ├── uglify-js@3.0.26
42 silly idealTree ├── uglify-to-browserify@1.0.2
42 silly idealTree ├── uniq@1.0.1
42 silly idealTree ├── uniqid@4.1.1
42 silly idealTree ├── uniqs@2.0.0
42 silly idealTree ├── upper-case@1.1.3
42 silly idealTree ├─┬ url-loader@0.5.9
42 silly idealTree │ └── loader-utils@1.1.0
42 silly idealTree ├─┬ url@0.11.0
42 silly idealTree │ └── punycode@1.3.2
42 silly idealTree ├── util-deprecate@1.0.2
42 silly idealTree ├─┬ util@0.10.3
42 silly idealTree │ └── inherits@2.0.1
42 silly idealTree ├── uuid@3.1.0
42 silly idealTree ├── validate-npm-package-license@3.0.1
42 silly idealTree ├── vendors@1.0.1
42 silly idealTree ├── verror@1.3.6
42 silly idealTree ├── vm-browserify@0.0.4
42 silly idealTree ├── watchpack@1.4.0
42 silly idealTree ├─┬ webpack-sources@0.2.3
42 silly idealTree │ └── source-list-map@1.1.2
42 silly idealTree ├─┬ webpack@2.3.3
42 silly idealTree │ ├── supports-color@3.2.3
42 silly idealTree │ └─┬ uglify-js@2.8.29
42 silly idealTree │   └── yargs@3.10.0
42 silly idealTree ├── whet.extend@0.9.9
42 silly idealTree ├── which-module@1.0.0
42 silly idealTree ├── window-size@0.1.0
42 silly idealTree ├── wordwrap@0.0.2
42 silly idealTree ├── wrap-ansi@2.1.0
42 silly idealTree ├── xml-char-classes@1.0.0
42 silly idealTree ├── xtend@4.0.1
42 silly idealTree ├── y18n@3.2.1
42 silly idealTree ├─┬ yargs-parser@4.2.1
42 silly idealTree │ └── camelcase@3.0.0
42 silly idealTree ├─┬ yargs@6.6.0
42 silly idealTree │ ├── camelcase@3.0.0
42 silly idealTree │ └── cliui@3.2.0
42 silly idealTree └── zone.js@0.6.26
43 silly generateActionsToTake Starting
44 silly install generateActionsToTake
45 silly generateActionsToTake Finishing
46 silly diffTrees action count 0
47 silly decomposeActions action count 0
48 silly executeActions Starting
49 silly install executeActions
50 silly doSerial global-install 0
51 silly doParallel fetch 0
52 verbose correctMkdir /home/dev/.npm/_locks correctMkdir not in flight; initializing
53 verbose lock using /home/dev/.npm/_locks/staging-966e92c7d3fa9227.lock for /home/dev/Documents/gitlab/atlantis-ui/docs/node_modules/.staging
54 silly doParallel extract 0
55 silly doParallel preinstall 0
56 silly doReverseSerial remove 0
57 silly doSerial move 0
58 silly doSerial finalize 0
59 silly doSerial build 0
60 silly doSerial global-link 0
61 silly doParallel update-linked 0
62 silly doSerial install 0
63 silly doSerial postinstall 0
64 verbose unlock done using /home/dev/.npm/_locks/staging-966e92c7d3fa9227.lock for /home/dev/Documents/gitlab/atlantis-ui/docs/node_modules/.staging
65 silly executeActions Finishing
66 silly rollbackFailedOptional Starting
67 silly rollbackFailedOptional Finishing
68 silly runTopLevelLifecycles Starting
69 silly install runTopLevelLifecycles
70 silly preinstall angular2-demo@1.0.0 /home/dev/Documents/gitlab/atlantis-ui/docs/angular2-demo-3e642390
71 info lifecycle angular2-demo@1.0.0~preinstall: angular2-demo@1.0.0
72 silly lifecycle angular2-demo@1.0.0~preinstall: no script for preinstall, continuing
73 silly build angular2-demo@1.0.0
74 info linkStuff angular2-demo@1.0.0
75 silly linkStuff angular2-demo@1.0.0 has /home/dev/Documents/gitlab/atlantis-ui as its parent node_modules
76 verbose linkBins angular2-demo@1.0.0
77 verbose linkMans angular2-demo@1.0.0
78 silly install angular2-demo@1.0.0 /home/dev/Documents/gitlab/atlantis-ui/docs/angular2-demo-3e642390
79 info lifecycle angular2-demo@1.0.0~install: angular2-demo@1.0.0
80 silly lifecycle angular2-demo@1.0.0~install: no script for install, continuing
81 silly postinstall angular2-demo@1.0.0 /home/dev/Documents/gitlab/atlantis-ui/docs/angular2-demo-3e642390
82 info lifecycle angular2-demo@1.0.0~postinstall: angular2-demo@1.0.0
83 verbose lifecycle angular2-demo@1.0.0~postinstall: unsafe-perm in lifecycle true
84 verbose lifecycle angular2-demo@1.0.0~postinstall: PATH: /usr/lib/node_modules/npm/bin/node-gyp-bin:/home/dev/Documents/gitlab/atlantis-ui/docs/node_modules/.bin:/usr/bin:/usr/lib64/qt-3.3/bin:/usr/local/bin:/usr/bin:/bin:/usr/local/sbin:/usr/sbin:/home/dev/.local/bin:/home/dev/bin:/usr/lib/oracle/12.1/client64/bin
85 verbose lifecycle angular2-demo@1.0.0~postinstall: CWD: /home/dev/Documents/gitlab/atlantis-ui/docs
86 silly lifecycle angular2-demo@1.0.0~postinstall: Args: [ '-c', 'webpack --progress' ]
87 silly lifecycle angular2-demo@1.0.0~postinstall: Returned: code: 2  signal: null
88 info lifecycle angular2-demo@1.0.0~postinstall: Failed to exec postinstall script
89 warn optional Skipping failed optional dependency /chokidar/fsevents:
90 warn notsup Not compatible with your operating system or architecture: fsevents@1.1.2
91 warn @angular/animations@4.1.3 requires a peer of @angular/core@4.1.3 but none was installed.
92 warn @angular/core@4.2.6 requires a peer of zone.js@^0.8.4 but none was installed.
93 warn angular2-demo@1.0.0 No description
94 warn angular2-demo@1.0.0 No repository field.
95 verbose stack Error: angular2-demo@1.0.0 postinstall: `webpack --progress`
95 verbose stack Exit status 2
95 verbose stack     at EventEmitter.<anonymous> (/usr/lib/node_modules/npm/lib/utils/lifecycle.js:242:16)
95 verbose stack     at emitTwo (events.js:106:13)
95 verbose stack     at EventEmitter.emit (events.js:191:7)
95 verbose stack     at ChildProcess.<anonymous> (/usr/lib/node_modules/npm/lib/utils/spawn.js:40:14)
95 verbose stack     at emitTwo (events.js:106:13)
95 verbose stack     at ChildProcess.emit (events.js:191:7)
95 verbose stack     at maybeClose (internal/child_process.js:877:16)
95 verbose stack     at Process.ChildProcess._handle.onexit (internal/child_process.js:226:5)
96 verbose pkgid angular2-demo@1.0.0
97 verbose cwd /home/dev/Documents/gitlab/atlantis-ui/docs
98 error Linux 4.4.6-301.fc23.x86_64
99 error argv "/usr/bin/node" "/usr/bin/npm" "install"
100 error node v6.7.0
101 error npm  v3.10.3
102 error code ELIFECYCLE
103 error angular2-demo@1.0.0 postinstall: `webpack --progress`
103 error Exit status 2
104 error Failed at the angular2-demo@1.0.0 postinstall script 'webpack --progress'.
104 error Make sure you have the latest version of node.js and npm installed.
104 error If you do, this is most likely a problem with the angular2-demo package,
104 error not with npm itself.
104 error Tell the author that this fails on your system:
104 error     webpack --progress
104 error You can get information on how to open an issue for this project with:
104 error     npm bugs angular2-demo
104 error Or if that isn't available, you can get their info via:
104 error     npm owner ls angular2-demo
104 error There is likely additional logging output above.
105 verbose exit [ 1, true ]
